0 info it worked if it ends with ok
1 verbose cli [ '/usr/local/Cellar/node6-lts/6.9.1/bin/node',
1 verbose cli   '/usr/local/bin/npm',
1 verbose cli   'run',
1 verbose cli   'lint' ]
2 info using npm@3.10.8
3 info using node@v6.9.1
4 verbose config Skipping project config: /Users/viscoze/.npmrc. (matches userconfig)
5 verbose stack Error: ENOENT: no such file or directory, open '/Users/viscoze/package.json'
5 verbose stack     at Error (native)
6 verbose cwd /Users/viscoze/Data/Blog/viscoze.github.io
7 error Darwin 16.1.0
8 error argv "/usr/local/Cellar/node6-lts/6.9.1/bin/node" "/usr/local/bin/npm" "run" "lint"
9 error node v6.9.1
10 error npm  v3.10.8
11 error path /Users/viscoze/package.json
12 error code ENOENT
13 error errno -2
14 error syscall open
15 error enoent ENOENT: no such file or directory, open '/Users/viscoze/package.json'
16 error enoent ENOENT: no such file or directory, open '/Users/viscoze/package.json'
16 error enoent This is most likely not a problem with npm itself
16 error enoent and is related to npm not being able to find a file.
17 verbose exit [ -2, true ]
